<?xml version="1.0" encoding="UTF-8"?>
<!-- Generated by org.testng.reporters.JUnitXMLReporter -->
<testsuite ignored="0" hostname="DESKTOP-EPJ72US" failures="0" tests="1" name="LoginTest" time="0.082" errors="0" timestamp="2020-09-09T12:17:07 BST">
  <testcase classname="com.talech.base.TestBase" name="@BeforeSuite setUp" time="2.195">
    <failure type="org.openqa.selenium.SessionNotCreatedException" message="session not created: This version of ChromeDriver only supports Chrome version 83
Build info: version: &amp;apos;3.141.59&amp;apos;, revision: &amp;apos;e82be7d358&amp;apos;, time: &amp;apos;2018-11-14T08:17:03&amp;apos;
System info: host: &amp;apos;DESKTOP-EPJ72US&amp;apos;, ip: &amp;apos;192.168.137.1&amp;apos;, os.name: &amp;apos;Windows 10&amp;apos;, os.arch: &amp;apos;amd64&amp;apos;, os.version: &amp;apos;10.0&amp;apos;, java.version: &amp;apos;13.0.1&amp;apos;
Driver info: driver.version: ChromeDriver
remote stacktrace: Backtrace:
	Ordinal0 [0x002C9563+2725219]
	Ordinal0 [0x001C8551+1672529]
	Ordinal0 [0x000B0359+525145]
	Ordinal0 [0x00040B77+68471]
	Ordinal0 [0x0003D32C+54060]
	Ordinal0 [0x0005CC37+183351]
	Ordinal0 [0x0005CA3D+182845]
	Ordinal0 [0x0005A94B+174411]
	Ordinal0 [0x00042528+75048]
	Ordinal0 [0x000435A0+79264]
	Ordinal0 [0x00043539+79161]
	Ordinal0 [0x001DD607+1758727]
	GetHandleVerifier [0x003E6546+1050150]
	GetHandleVerifier [0x003E6291+1049457]
	GetHandleVerifier [0x003F10D7+1094071]
	GetHandleVerifier [0x003E6B46+1051686]
	Ordinal0 [0x001D5B06+1727238]
	Ordinal0 [0x001DEB7B+1764219]
	Ordinal0 [0x001DECE3+1764579]
	Ordinal0 [0x001F4C05+1854469]
	BaseThreadInitThunk [0x75776359+25]
	RtlGetAppContainerNamedObjectPath [0x77B17C24+228]
	RtlGetAppContainerNamedObjectPath [0x77B17BF4+180]
	(No symbol) [0x00000000]
">
      <![CDATA[org.openqa.selenium.SessionNotCreatedException: session not created: This version of ChromeDriver only supports Chrome version 83
Build info: version: '3.141.59', revision: 'e82be7d358', time: '2018-11-14T08:17:03'
System info: host: 'DESKTOP-EPJ72US', ip: '192.168.137.1', os.name: 'Windows 10', os.arch: 'amd64', os.version: '10.0', java.version: '13.0.1'
Driver info: driver.version: ChromeDriver
remote stacktrace: Backtrace:
Ordinal0 [0x002C9563+2725219]
Ordinal0 [0x001C8551+1672529]
Ordinal0 [0x000B0359+525145]
Ordinal0 [0x00040B77+68471]
Ordinal0 [0x0003D32C+54060]
Ordinal0 [0x0005CC37+183351]
Ordinal0 [0x0005CA3D+182845]
Ordinal0 [0x0005A94B+174411]
Ordinal0 [0x00042528+75048]
Ordinal0 [0x000435A0+79264]
Ordinal0 [0x00043539+79161]
Ordinal0 [0x001DD607+1758727]
GetHandleVerifier [0x003E6546+1050150]
GetHandleVerifier [0x003E6291+1049457]
GetHandleVerifier [0x003F10D7+1094071]
GetHandleVerifier [0x003E6B46+1051686]
Ordinal0 [0x001D5B06+1727238]
Ordinal0 [0x001DEB7B+1764219]
Ordinal0 [0x001DECE3+1764579]
Ordinal0 [0x001F4C05+1854469]
BaseThreadInitThunk [0x75776359+25]
RtlGetAppContainerNamedObjectPath [0x77B17C24+228]
RtlGetAppContainerNamedObjectPath [0x77B17BF4+180]
(No symbol) [0x00000000]

at org.openqa.selenium.remote.W3CHandshakeResponse.lambda$errorHandler$0(W3CHandshakeResponse.java:62)
at org.openqa.selenium.remote.HandshakeResponse.lambda$getResponseFunction$0(HandshakeResponse.java:30)
at org.openqa.selenium.remote.ProtocolHandshake.lambda$createSession$0(ProtocolHandshake.java:126)
at java.base/java.util.stream.ReferencePipeline$3$1.accept(ReferencePipeline.java:195)
at java.base/java.util.Spliterators$ArraySpliterator.tryAdvance(Spliterators.java:958)
at java.base/java.util.stream.ReferencePipeline.forEachWithCancel(ReferencePipeline.java:127)
at java.base/java.util.stream.AbstractPipeline.copyIntoWithCancel(AbstractPipeline.java:502)
at java.base/java.util.stream.AbstractPipeline.copyInto(AbstractPipeline.java:488)
at java.base/java.util.stream.AbstractPipeline.wrapAndCopyInto(AbstractPipeline.java:474)
at java.base/java.util.stream.FindOps$FindOp.evaluateSequential(FindOps.java:150)
at java.base/java.util.stream.AbstractPipeline.evaluate(AbstractPipeline.java:234)
at java.base/java.util.stream.ReferencePipeline.findFirst(ReferencePipeline.java:543)
at org.openqa.selenium.remote.ProtocolHandshake.createSession(ProtocolHandshake.java:128)
at org.openqa.selenium.remote.ProtocolHandshake.createSession(ProtocolHandshake.java:74)
at org.openqa.selenium.remote.HttpCommandExecutor.execute(HttpCommandExecutor.java:136)
at org.openqa.selenium.remote.service.DriverCommandExecutor.execute(DriverCommandExecutor.java:83)
at org.openqa.selenium.remote.RemoteWebDriver.execute(RemoteWebDriver.java:552)
at org.openqa.selenium.remote.RemoteWebDriver.startSession(RemoteWebDriver.java:213)
at org.openqa.selenium.remote.RemoteWebDriver.<init>(RemoteWebDriver.java:131)
at org.openqa.selenium.chrome.ChromeDriver.<init>(ChromeDriver.java:181)
at org.openqa.selenium.chrome.ChromeDriver.<init>(ChromeDriver.java:168)
at org.openqa.selenium.chrome.ChromeDriver.<init>(ChromeDriver.java:123)
at com.talech.base.TestBase.setUp(TestBase.java:82)
... Removed 24 stack frames]]>
    </failure>
  </testcase> <!-- @BeforeSuite setUp -->
  <testcase classname="com.talech.testcases.LoginTest" name="loginAdmin" time="0.0">
    <skipped/>
  </testcase> <!-- loginAdmin -->
</testsuite> <!-- LoginTest -->
